[Mon Sep 22 13:18:07 2025] PHP 8.4.4 Development Server (http://localhost:8000) started
[Mon Sep 22 13:19:58 2025] [::1]:63445 Accepted
[Mon Sep 22 13:19:59 2025] Xdebug: [Step Debug] Time-out connecting to debugging client, waited: 200 ms. Tried: localhost:9003 (through xdebug.client_host/xdebug.client_port).
[Mon Sep 22 13:19:59 2025] Validation data: {"csrf_token":"","username":"toto","email":"toto@test.com","password":"Azertyuiop&amp;11"}
[Mon Sep 22 13:19:59 2025] Current user: toto / toto@test.com
[Mon Sep 22 13:19:59 2025] Checking username: toto
[Mon Sep 22 13:19:59 2025] Username same as current user, skipping check
[Mon Sep 22 13:19:59 2025] Checking email: toto@test.com
[Mon Sep 22 13:19:59 2025] Email same as current user, skipping check
[Mon Sep 22 13:19:59 2025] [::1]:63445 [200]: POST /api/register
[Mon Sep 22 13:19:59 2025] [::1]:63445 Closing
[Mon Sep 22 13:20:28 2025] [::1]:63491 Accepted
[Mon Sep 22 13:20:29 2025] Xdebug: [Step Debug] Time-out connecting to debugging client, waited: 200 ms. Tried: localhost:9003 (through xdebug.client_host/xdebug.client_port).
[Mon Sep 22 13:20:33 2025] [::1]:63491 [200]: GET /api/valider-email?token=807eacd92ca39b8b60945409a41e34a6fd62f226182ecfa10677229e56bb0023
[Mon Sep 22 13:20:33 2025] [::1]:63491 Closing
[Mon Sep 22 13:23:24 2025] [::1]:63589 Accepted
[Mon Sep 22 13:23:24 2025] Xdebug: [Step Debug] Time-out connecting to debugging client, waited: 200 ms. Tried: localhost:9003 (through xdebug.client_host/xdebug.client_port).
[Mon Sep 22 13:23:24 2025] [::1]:63589 [200]: POST /api/login
[Mon Sep 22 13:23:24 2025] [::1]:63589 Closing
[Mon Sep 22 13:23:34 2025] [::1]:63659 Accepted
[Mon Sep 22 13:23:35 2025] Xdebug: [Step Debug] Time-out connecting to debugging client, waited: 200 ms. Tried: localhost:9003 (through xdebug.client_host/xdebug.client_port).
[Mon Sep 22 13:23:35 2025] [::1]:63659 [200]: GET /api/articles?page=1&limit=3
[Mon Sep 22 13:23:35 2025] [::1]:63659 Closing
[Mon Sep 22 13:23:35 2025] [::1]:63663 Accepted
[Mon Sep 22 13:23:35 2025] [::1]:63663 [200]: GET /uploads/articles/article_1_68d103025e052.png
[Mon Sep 22 13:23:35 2025] [::1]:63663 Closing
[Mon Sep 22 13:23:55 2025] [::1]:63712 Accepted
[Mon Sep 22 13:23:55 2025] Xdebug: [Step Debug] Time-out connecting to debugging client, waited: 200 ms. Tried: localhost:9003 (through xdebug.client_host/xdebug.client_port).
[Mon Sep 22 13:23:55 2025] [::1]:63712 [200]: GET /api/articles?page=1&limit=3
[Mon Sep 22 13:23:55 2025] [::1]:63712 Closing
[Mon Sep 22 13:23:55 2025] [::1]:63718 Accepted
[Mon Sep 22 13:23:55 2025] [::1]:63718 [200]: GET /uploads/articles/article_1_68d103025e052.png
[Mon Sep 22 13:23:55 2025] [::1]:63718 Closing
[Mon Sep 22 13:23:56 2025] [::1]:63738 Accepted
[Mon Sep 22 13:23:56 2025] Xdebug: [Step Debug] Time-out connecting to debugging client, waited: 200 ms. Tried: localhost:9003 (through xdebug.client_host/xdebug.client_port).
[Mon Sep 22 13:23:56 2025] [::1]:63738 [200]: GET /api/articles/id/1
[Mon Sep 22 13:23:56 2025] [::1]:63738 Closing
[Mon Sep 22 13:23:56 2025] [::1]:63744 Accepted
[Mon Sep 22 13:23:56 2025] [::1]:63744 [200]: GET /uploads/articles/article_1_68d103025e052.png
[Mon Sep 22 13:23:56 2025] [::1]:63744 Closing
[Mon Sep 22 13:23:57 2025] [::1]:63764 Accepted
[Mon Sep 22 13:23:57 2025] [::1]:63764 [200]: GET /uploads/articles/article_1_68d103025e052.png
[Mon Sep 22 13:23:57 2025] [::1]:63764 Closing
[Mon Sep 22 13:24:01 2025] [::1]:63786 Accepted
[Mon Sep 22 13:24:01 2025] Xdebug: [Step Debug] Time-out connecting to debugging client, waited: 200 ms. Tried: localhost:9003 (through xdebug.client_host/xdebug.client_port).
[Mon Sep 22 13:24:01 2025] [::1]:63786 [200]: GET /api/articles?page=1&limit=3
[Mon Sep 22 13:24:01 2025] [::1]:63786 Closing
[Mon Sep 22 13:24:01 2025] [::1]:63792 Accepted
[Mon Sep 22 13:24:01 2025] [::1]:63792 [200]: GET /uploads/articles/article_1_68d103025e052.png
[Mon Sep 22 13:24:01 2025] [::1]:63792 Closing
[Mon Sep 22 13:25:27 2025] [::1]:63852 Accepted
[Mon Sep 22 13:25:27 2025] Xdebug: [Step Debug] Time-out connecting to debugging client, waited: 200 ms. Tried: localhost:9003 (through xdebug.client_host/xdebug.client_port).
[Mon Sep 22 13:25:27 2025] [::1]:63852 [200]: GET /api/articles?page=1&limit=3
[Mon Sep 22 13:25:27 2025] [::1]:63852 Closing
[Mon Sep 22 13:25:27 2025] [::1]:63857 Accepted
[Mon Sep 22 13:25:27 2025] [::1]:63857 [200]: GET /uploads/articles/article_1_68d103025e052.png
[Mon Sep 22 13:25:27 2025] [::1]:63857 Closing
[Mon Sep 22 13:30:12 2025] [::1]:64018 Accepted
[Mon Sep 22 13:30:12 2025] Xdebug: [Step Debug] Time-out connecting to debugging client, waited: 200 ms. Tried: localhost:9003 (through xdebug.client_host/xdebug.client_port).
[Mon Sep 22 13:30:12 2025] [::1]:64018 [200]: GET /api/articles?page=1&limit=3
[Mon Sep 22 13:30:12 2025] [::1]:64018 Closing
[Mon Sep 22 13:30:12 2025] [::1]:64023 Accepted
[Mon Sep 22 13:30:12 2025] [::1]:64023 [200]: GET /uploads/articles/article_1_68d103025e052.png
[Mon Sep 22 13:30:12 2025] [::1]:64023 Closing
